2025-11-12 20:54:00 | INFO | repo=pv243-a4m36jee-2018-security-seminar | action=commit
2025-12-05 21:57:00 | WARN | repo=pv243-a4m36jee-2018-security-seminar | action=test | passed=true
2025-09-06 21:20:00 | WARN | repo=pv243-a4m36jee-2018-security-seminar | action=commit
2025-10-26 20:27:00 | DEBUG | repo=pv243-a4m36jee-2018-security-seminar | action=commit
2025-03-01 08:10:00 | WARN | repo=pv243-a4m36jee-2018-security-seminar | action=commit
2025-08-04 19:24:00 | WARN | repo=pv243-a4m36jee-2018-security-seminar | action=commit
2025-08-10 16:42:00 | WARN | repo=pv243-a4m36jee-2018-security-seminar | action=commit
2025-09-08 16:59:00 | INFO | repo=pv243-a4m36jee-2018-security-seminar | action=commit
2025-11-03 14:59:00 | DEBUG | repo=pv243-a4m36jee-2018-security-seminar | action=test | passed=true
2025-12-06 10:50:00 | DEBUG | repo=pv243-a4m36jee-2018-security-seminar | action=commit
2025-07-15 08:01:00 | WARN | repo=pv243-a4m36jee-2018-security-seminar | action=commit
2025-07-11 13:01:00 | INFO | repo=pv243-a4m36jee-2018-security-seminar | action=commit
2025-07-25 12:12:00 | INFO | repo=pv243-a4m36jee-2018-security-seminar | action=edit | files=2
2025-07-04 12:04:00 | DEBUG | repo=pv243-a4m36jee-2018-security-seminar | action=commit
2025-04-24 17:33:00 | INFO | repo=pv243-a4m36jee-2018-security-seminar | action=edit | files=1
2025-01-18 16:11:00 | DEBUG | repo=pv243-a4m36jee-2018-security-seminar | action=edit | files=3
2025-06-24 08:35:00 | INFO | repo=pv243-a4m36jee-2018-security-seminar | action=commit
2025-06-19 13:33:00 | WARN | repo=pv243-a4m36jee-2018-security-seminar | action=test | passed=true
2025-12-05 19:21:00 | WARN | repo=pv243-a4m36jee-2018-security-seminar | action=commit
2025-03-13 10:02:00 | WARN | repo=pv243-a4m36jee-2018-security-seminar | action=commit
2025-03-22 13:36:00 | WARN | repo=pv243-a4m36jee-2018-security-seminar | action=pull
2025-07-27 20:21:00 | WARN | repo=pv243-a4m36jee-2018-security-seminar | action=commit
2025-11-12 09:11:00 | INFO | repo=pv243-a4m36jee-2018-security-seminar | action=commit
2025-03-14 15:11:00 | INFO | repo=pv243-a4m36jee-2018-security-seminar | action=commit
2025-06-05 17:03:00 | WARN | repo=pv243-a4m36jee-2018-security-seminar | action=commit
2025-06-13 17:09:00 | WARN | repo=pv243-a4m36jee-2018-security-seminar | action=commit
2025-05-28 07:37:00 | DEBUG | repo=pv243-a4m36jee-2018-security-seminar | action=edit | files=1
2025-01-11 07:52:00 | INFO | repo=pv243-a4m36jee-2018-security-seminar | action=pull
2025-11-13 07:29:00 | DEBUG | repo=pv243-a4m36jee-2018-security-seminar | action=commit
2025-10-05 19:25:00 | INFO | repo=pv243-a4m36jee-2018-security-seminar | action=commit
2025-12-25 14:04:00 | DEBUG | repo=pv243-a4m36jee-2018-security-seminar | action=commit
2025-06-23 07:55:00 | INFO | repo=pv243-a4m36jee-2018-security-seminar | action=commit
2025-12-13 21:05:00 | WARN | repo=pv243-a4m36jee-2018-security-seminar | action=commit
2025-03-11 20:16:00 | INFO | repo=pv243-a4m36jee-2018-security-seminar | action=pull
2025-08-21 11:31:00 | WARN | repo=pv243-a4m36jee-2018-security-seminar | action=commit
2025-11-07 10:57:00 | INFO | repo=pv243-a4m36jee-2018-security-seminar | action=commit
2025-08-15 10:09:00 | WARN | repo=pv243-a4m36jee-2018-security-seminar | action=edit | files=4
2025-01-28 11:05:00 | DEBUG | repo=pv243-a4m36jee-2018-security-seminar | action=commit
2025-04-08 13:59:00 | DEBUG | repo=pv243-a4m36jee-2018-security-seminar | action=commit
2025-06-02 20:09:00 | DEBUG | repo=pv243-a4m36jee-2018-security-seminar | action=pull
2025-09-22 18:26:00 | DEBUG | repo=pv243-a4m36jee-2018-security-seminar | action=edit | files=2
2025-06-11 07:09:00 | DEBUG | repo=pv243-a4m36jee-2018-security-seminar | action=edit | files=5
2025-11-07 10:38:00 | INFO | repo=pv243-a4m36jee-2018-security-seminar | action=commit
2025-04-14 15:58:00 | WARN | repo=pv243-a4m36jee-2018-security-seminar | action=commit
2025-05-08 20:50:00 | DEBUG | repo=pv243-a4m36jee-2018-security-seminar | action=commit
2025-01-03 15:15:00 | WARN | repo=pv243-a4m36jee-2018-security-seminar | action=commit
2025-06-21 07:05:00 | INFO | repo=pv243-a4m36jee-2018-security-seminar | action=commit
2025-03-24 12:14:00 | DEBUG | repo=pv243-a4m36jee-2018-security-seminar | action=pull
2025-07-17 08:51:00 | INFO | repo=pv243-a4m36jee-2018-security-seminar | action=commit
